Build started 5/26/2014 10:00:48 PM.
     1>Project "C:\Users\newAdmin\Documents\Visual Studio 2010\Project2_WaveSteg\Project2_WaveSteg\Project2_WaveSteg.vcxproj" on node 2 (build target(s)).
     1>InitializeBuildStatus:
         Creating "Debug\Project2_WaveSteg.unsuccessfulbuild" because "AlwaysCreate" was specified.
       ClCompile:
         c:\Program Files (x86)\Microsoft Visual Studio 10.0\VC\bin\CL.exe /c /ZI /nologo /W3 /WX- /Od /Oy- /D WIN32 /D _DEBUG /D _CONSOLE /D _UNICODE /D UNICODE /Gm /EHsc /RTC1 /MDd /GS /fp:precise /Zc:wchar_t /Zc:forScope /Fo"Debug\\" /Fd"Debug\vc100.pdb" /Gd /TP /analyze- /errorReport:prompt WaveSteg.cpp main.cpp testers.cpp
         WaveSteg.cpp
     1>c:\users\newadmin\documents\visual studio 2010\project2_wavesteg\project2_wavesteg\wavesteg.cpp(14): warning C4018: '>' : signed/unsigned mismatch
         Generating Code...
         Skipping... (no relevant changes detected)
         testers.cpp
         main.cpp
       ManifestResourceCompile:
         All outputs are up-to-date.
       Link:
         c:\Program Files (x86)\Microsoft Visual Studio 10.0\VC\bin\link.exe /ERRORREPORT:PROMPT /OUT:"C:\Users\newAdmin\Documents\Visual Studio 2010\Project2_WaveSteg\Debug\Project2_WaveSteg.exe" /INCREMENTAL /NOLOGO kernel32.lib user32.lib gdi32.lib winspool.lib comdlg32.lib advapi32.lib shell32.lib ole32.lib oleaut32.lib uuid.lib odbc32.lib odbccp32.lib /MANIFEST /ManifestFile:"Debug\Project2_WaveSteg.exe.intermediate.manifest" /MANIFESTUAC:"level='asInvoker' uiAccess='false'" /DEBUG /PDB:"C:\Users\newAdmin\Documents\Visual Studio 2010\Project2_WaveSteg\Debug\Project2_WaveSteg.pdb" /SUBSYSTEM:CONSOLE /TLBID:1 /DYNAMICBASE /NXCOMPAT /IMPLIB:"C:\Users\newAdmin\Documents\Visual Studio 2010\Project2_WaveSteg\Debug\Project2_WaveSteg.lib" /MACHINE:X86 Debug\Project2_WaveSteg.exe.embed.manifest.res
         Debug\BFile.obj
         Debug\Biterator.obj
         Debug\commons.obj
         Debug\FileItr.obj
         Debug\main.obj
         Debug\testers.obj
         Debug\WaveForm.obj
         Debug\WaveItr.obj
         Debug\WaveSteg.obj
       Manifest:
         C:\Program Files (x86)\Microsoft SDKs\Windows\v7.0A\bin\mt.exe /nologo /verbose /out:"Debug\Project2_WaveSteg.exe.embed.manifest" /manifest Debug\Project2_WaveSteg.exe.intermediate.manifest
         All outputs are up-to-date.
       LinkEmbedManifest:
         All outputs are up-to-date.
         Project2_WaveSteg.vcxproj -> C:\Users\newAdmin\Documents\Visual Studio 2010\Project2_WaveSteg\Debug\Project2_WaveSteg.exe
       FinalizeBuildStatus:
         Deleting file "Debug\Project2_WaveSteg.unsuccessfulbuild".
         Touching "Debug\Project2_WaveSteg.lastbuildstate".
     1>Done Building Project "C:\Users\newAdmin\Documents\Visual Studio 2010\Project2_WaveSteg\Project2_WaveSteg\Project2_WaveSteg.vcxproj" (build target(s)).

Build succeeded.

Time Elapsed 00:00:02.00
