C:\USERS\NEWADMIN\DOCUMENTS\VISUAL STUDIO 2010\PROJECT2_WAVESTEG\DEBUG\PROJECT2_WAVESTEG.EXE
C:\USERS\NEWADMIN\DOCUMENTS\VISUAL STUDIO 2010\PROJECT2_WAVESTEG\DEBUG\PROJECT2_WAVESTEG.ILK
C:\USERS\NEWADMIN\DOCUMENTS\VISUAL STUDIO 2010\PROJECT2_WAVESTEG\DEBUG\PROJECT2_WAVESTEG.PDB
C:\USERS\NEWADMIN\DOCUMENTS\VISUAL STUDIO 2010\PROJECT2_WAVESTEG\PROJECT2_WAVESTEG\DEBUG\BFILE.OBJ
C:\USERS\NEWADMIN\DOCUMENTS\VISUAL STUDIO 2010\PROJECT2_WAVESTEG\PROJECT2_WAVESTEG\DEBUG\BITERATOR.OBJ
C:\Users\newAdmin\Documents\Visual Studio 2010\Project2_WaveSteg\Project2_WaveSteg\Debug\cl.command.1.tlog
C:\Users\newAdmin\Documents\Visual Studio 2010\Project2_WaveSteg\Project2_WaveSteg\Debug\CL.read.1.tlog
C:\Users\newAdmin\Documents\Visual Studio 2010\Project2_WaveSteg\Project2_WaveSteg\Debug\CL.write.1.tlog
C:\USERS\NEWADMIN\DOCUMENTS\VISUAL STUDIO 2010\PROJECT2_WAVESTEG\PROJECT2_WAVESTEG\DEBUG\COMMONS.OBJ
C:\USERS\NEWADMIN\DOCUMENTS\VISUAL STUDIO 2010\PROJECT2_WAVESTEG\PROJECT2_WAVESTEG\DEBUG\FILEITR.OBJ
C:\Users\newAdmin\Documents\Visual Studio 2010\Project2_WaveSteg\Project2_WaveSteg\Debug\link.3276.read.1.tlog
C:\Users\newAdmin\Documents\Visual Studio 2010\Project2_WaveSteg\Project2_WaveSteg\Debug\link.3276.write.1.tlog
C:\Users\newAdmin\Documents\Visual Studio 2010\Project2_WaveSteg\Project2_WaveSteg\Debug\link.3276-cvtres.read.1.tlog
C:\Users\newAdmin\Documents\Visual Studio 2010\Project2_WaveSteg\Project2_WaveSteg\Debug\link.3276-cvtres.write.1.tlog
C:\Users\newAdmin\Documents\Visual Studio 2010\Project2_WaveSteg\Project2_WaveSteg\Debug\link.command.1.tlog
C:\Users\newAdmin\Documents\Visual Studio 2010\Project2_WaveSteg\Project2_WaveSteg\Debug\link.read.1.tlog
C:\Users\newAdmin\Documents\Visual Studio 2010\Project2_WaveSteg\Project2_WaveSteg\Debug\link.write.1.tlog
C:\Users\newAdmin\Documents\Visual Studio 2010\Project2_WaveSteg\Project2_WaveSteg\Debug\link-cvtres.read.1.tlog
C:\Users\newAdmin\Documents\Visual Studio 2010\Project2_WaveSteg\Project2_WaveSteg\Debug\link-cvtres.write.1.tlog
C:\USERS\NEWADMIN\DOCUMENTS\VISUAL STUDIO 2010\PROJECT2_WAVESTEG\PROJECT2_WAVESTEG\DEBUG\MAIN.OBJ
C:\Users\newAdmin\Documents\Visual Studio 2010\Project2_WaveSteg\Project2_WaveSteg\Debug\mt.command.1.tlog
C:\Users\newAdmin\Documents\Visual Studio 2010\Project2_WaveSteg\Project2_WaveSteg\Debug\mt.read.1.tlog
C:\Users\newAdmin\Documents\Visual Studio 2010\Project2_WaveSteg\Project2_WaveSteg\Debug\mt.write.1.tlog
C:\USERS\NEWADMIN\DOCUMENTS\VISUAL STUDIO 2010\PROJECT2_WAVESTEG\PROJECT2_WAVESTEG\DEBUG\PROJECT2_WAVESTEG.EXE.EMBED.MANIFEST
C:\USERS\NEWADMIN\DOCUMENTS\VISUAL STUDIO 2010\PROJECT2_WAVESTEG\PROJECT2_WAVESTEG\DEBUG\PROJECT2_WAVESTEG.EXE.EMBED.MANIFEST.RES
C:\USERS\NEWADMIN\DOCUMENTS\VISUAL STUDIO 2010\PROJECT2_WAVESTEG\PROJECT2_WAVESTEG\DEBUG\PROJECT2_WAVESTEG.EXE.INTERMEDIATE.MANIFEST
C:\Users\newAdmin\Documents\Visual Studio 2010\Project2_WaveSteg\Project2_WaveSteg\Debug\Project2_WaveSteg.write.1.tlog
C:\Users\newAdmin\Documents\Visual Studio 2010\Project2_WaveSteg\Project2_WaveSteg\Debug\Project2_WaveSteg_manifest.rc
C:\Users\newAdmin\Documents\Visual Studio 2010\Project2_WaveSteg\Project2_WaveSteg\Debug\rc.command.1.tlog
C:\Users\newAdmin\Documents\Visual Studio 2010\Project2_WaveSteg\Project2_WaveSteg\Debug\rc.read.1.tlog
C:\Users\newAdmin\Documents\Visual Studio 2010\Project2_WaveSteg\Project2_WaveSteg\Debug\rc.write.1.tlog
C:\USERS\NEWADMIN\DOCUMENTS\VISUAL STUDIO 2010\PROJECT2_WAVESTEG\PROJECT2_WAVESTEG\DEBUG\TESTERS.OBJ
C:\Users\newAdmin\Documents\Visual Studio 2010\Project2_WaveSteg\Project2_WaveSteg\Debug\vc100.idb
C:\USERS\NEWADMIN\DOCUMENTS\VISUAL STUDIO 2010\PROJECT2_WAVESTEG\PROJECT2_WAVESTEG\DEBUG\VC100.PDB
C:\USERS\NEWADMIN\DOCUMENTS\VISUAL STUDIO 2010\PROJECT2_WAVESTEG\PROJECT2_WAVESTEG\DEBUG\WAVEFORM.OBJ
C:\USERS\NEWADMIN\DOCUMENTS\VISUAL STUDIO 2010\PROJECT2_WAVESTEG\PROJECT2_WAVESTEG\DEBUG\WAVEITR.OBJ
C:\USERS\NEWADMIN\DOCUMENTS\VISUAL STUDIO 2010\PROJECT2_WAVESTEG\PROJECT2_WAVESTEG\DEBUG\WAVESTEG.OBJ
